Started GET "/api/v1/job_applications?status=1" for ::1 at 2022-11-02 14:45:20 +0700
  [1m[36mActiveRecord::SchemaMigration Pluck (1.3ms)[0m  [1m[34mSELECT "schema_migrations"."version" FROM "schema_migrations" ORDER BY "schema_migrations"."version" ASC[0m
Processing by Api::V1::JobApplicationsController#index as */*
  Parameters: {"status"=>"1"}
  [1m[36mUser Load (15.2ms)[0m  [1m[34mSELECT "users".* FROM "users" WHERE "users"."id" = $1 LIMIT $2[0m  [["id", 6], ["LIMIT", 1]]
  ↳ app/controllers/application_controller.rb:20:in `authenticate_request'
  [1m[36mJobApplication Load (29.2ms)[0m  [1m[34mSELECT "job_applications".* FROM "job_applications" WHERE "job_applications"."user_id" = $1 AND "job_applications"."status" = $2[0m  [["user_id", 6], ["status", 1]]
  ↳ app/controllers/api/v1/job_applications_controller.rb:11:in `map'
Completed 200 OK in 352ms (Views: 0.5ms | ActiveRecord: 81.5ms | Allocations: 27952)


Started GET "/api/v1/job_applications?status=1" for ::1 at 2022-11-02 14:45:24 +0700
Processing by Api::V1::JobApplicationsController#index as */*
  Parameters: {"status"=>"1"}
  [1m[36mUser Load (0.5ms)[0m  [1m[34mSELECT "users".* FROM "users" WHERE "users"."id" = $1 LIMIT $2[0m  [["id", 6], ["LIMIT", 1]]
  ↳ app/controllers/application_controller.rb:20:in `authenticate_request'
  [1m[36mJobApplication Load (0.5ms)[0m  [1m[34mSELECT "job_applications".* FROM "job_applications" WHERE "job_applications"."user_id" = $1 AND "job_applications"."status" = $2[0m  [["user_id", 6], ["status", 1]]
  ↳ app/controllers/api/v1/job_applications_controller.rb:11:in `map'
Completed 200 OK in 10ms (Views: 0.2ms | ActiveRecord: 1.0ms | Allocations: 1494)


Started GET "/api/v1/job_applications/3" for ::1 at 2022-11-02 14:45:36 +0700
Processing by Api::V1::JobApplicationsController#show as */*
  Parameters: {"id"=>"3"}
  [1m[36mUser Load (1.2ms)[0m  [1m[34mSELECT "users".* FROM "users" WHERE "users"."id" = $1 LIMIT $2[0m  [["id", 6], ["LIMIT", 1]]
  ↳ app/controllers/application_controller.rb:20:in `authenticate_request'
  [1m[36mJobApplication Load (0.4ms)[0m  [1m[34mSELECT "job_applications".* FROM "job_applications" WHERE "job_applications"."id" = $1 LIMIT $2[0m  [["id", 3], ["LIMIT", 1]]
  ↳ app/controllers/api/v1/job_applications_controller.rb:60:in `set_job_application'
Completed 404 Not Found in 27ms (ActiveRecord: 4.3ms | Allocations: 1429)


  
ActiveRecord::RecordNotFound (Couldn't find JobApplication with 'id'=3):
  
app/controllers/api/v1/job_applications_controller.rb:60:in `set_job_application'
Started GET "/api/v1/jobs" for ::1 at 2022-11-02 14:45:49 +0700
Processing by Api::V1::JobsController#index as */*
  [1m[36mCategory Load (191.3ms)[0m  [1m[34mSELECT "categories".* FROM "categories" WHERE "categories"."id" IS NULL LIMIT $1[0m  [["LIMIT", 1]]
  ↳ app/models/job.rb:25:in `display_all'
  [1m[36mJob Count (0.9ms)[0m  [1m[34mSELECT COUNT(*) FROM "jobs"[0m
  ↳ app/models/job.rb:35:in `display_all'
  [1m[36mJob Load (66.5ms)[0m  [1m[34mSELECT "jobs".* FROM "jobs" ORDER BY "jobs"."updated_at" ASC LIMIT $1 OFFSET $2[0m  [["LIMIT", 10], ["OFFSET", 0]]
  ↳ app/models/job.rb:38:in `map'
  [1m[36mUser Load (0.7ms)[0m  [1m[34mSELECT "users".* FROM "users" WHERE "users"."id" = $1 LIMIT $2[0m  [["id", 1], ["LIMIT", 1]]
  ↳ app/models/job.rb:53:in `new_attribute'
  [1m[36mTransaction Sum (0.8ms)[0m  [1m[34mSELECT SUM("transactions"."amount") FROM "transactions" WHERE "transactions"."receiver_id" = $1 AND "transactions"."is_verified" = $2[0m  [["receiver_id", 1], ["is_verified", true]]
  ↳ app/models/user.rb:50:in `points'
  [1m[36mTransaction Sum (1.0ms)[0m  [1m[34mSELECT SUM("transactions"."amount") FROM "transactions" WHERE "transactions"."sender_id" = $1 AND "transactions"."is_verified" = $2[0m  [["sender_id", 1], ["is_verified", true]]
  ↳ app/models/user.rb:51:in `points'
  [1m[36mJob Sum (0.4ms)[0m  [1m[34mSELECT SUM("jobs"."salary") FROM "jobs" WHERE "jobs"."employer_id" = $1[0m  [["employer_id", 1]]
  ↳ app/models/user.rb:56:in `deposit'
  [1m[36mWorker Load (60.6ms)[0m  [1m[34mSELECT "workers".* FROM "workers" WHERE "workers"."job_id" = $1[0m  [["job_id", 1]]
  ↳ app/models/job.rb:54:in `map'
Completed 200 OK in 1139ms (Views: 0.6ms | ActiveRecord: 337.9ms | Allocations: 35819)


Started GET "/api/v1/job_applications?status=1" for ::1 at 2022-11-02 14:46:59 +0700
Processing by Api::V1::JobApplicationsController#index as */*
  Parameters: {"status"=>"1"}
  [1m[36mUser Load (0.6ms)[0m  [1m[34mSELECT "users".* FROM "users" WHERE "users"."id" = $1 LIMIT $2[0m  [["id", 6], ["LIMIT", 1]]
  ↳ app/controllers/application_controller.rb:20:in `authenticate_request'
  [1m[36mJobApplication Load (0.6ms)[0m  [1m[34mSELECT "job_applications".* FROM "job_applications" WHERE "job_applications"."user_id" = $1 AND "job_applications"."status" = $2[0m  [["user_id", 6], ["status", 1]]
  ↳ app/controllers/api/v1/job_applications_controller.rb:11:in `map'
Completed 200 OK in 9ms (Views: 0.2ms | ActiveRecord: 1.2ms | Allocations: 1466)


Started GET "/api/v1/job_applications" for ::1 at 2022-11-02 14:47:10 +0700
Processing by Api::V1::JobApplicationsController#index as */*
  [1m[36mUser Load (0.6ms)[0m  [1m[34mSELECT "users".* FROM "users" WHERE "users"."id" = $1 LIMIT $2[0m  [["id", 6], ["LIMIT", 1]]
  ↳ app/controllers/application_controller.rb:20:in `authenticate_request'
  [1m[36mJobApplication Load (0.4ms)[0m  [1m[34mSELECT "job_applications".* FROM "job_applications" WHERE "job_applications"."user_id" = $1[0m  [["user_id", 6]]
  ↳ app/controllers/api/v1/job_applications_controller.rb:11:in `map'
Completed 200 OK in 13ms (Views: 0.4ms | ActiveRecord: 1.0ms | Allocations: 1488)


Started GET "/api/v1/job_applications/3" for ::1 at 2022-11-02 14:47:27 +0700
Processing by Api::V1::JobApplicationsController#show as */*
  Parameters: {"id"=>"3"}
  [1m[36mUser Load (0.4ms)[0m  [1m[34mSELECT "users".* FROM "users" WHERE "users"."id" = $1 LIMIT $2[0m  [["id", 6], ["LIMIT", 1]]
  ↳ app/controllers/application_controller.rb:20:in `authenticate_request'
  [1m[36mJobApplication Load (0.5ms)[0m  [1m[34mSELECT "job_applications".* FROM "job_applications" WHERE "job_applications"."id" = $1 LIMIT $2[0m  [["id", 3], ["LIMIT", 1]]
  ↳ app/controllers/api/v1/job_applications_controller.rb:60:in `set_job_application'
Completed 404 Not Found in 8ms (ActiveRecord: 0.8ms | Allocations: 1171)


  
ActiveRecord::RecordNotFound (Couldn't find JobApplication with 'id'=3):
  
app/controllers/api/v1/job_applications_controller.rb:60:in `set_job_application'
Started POST "/api/v1/job_applications" for ::1 at 2022-11-02 14:47:45 +0700
Processing by Api::V1::JobApplicationsController#create as */*
  Parameters: {"job_id"=>6, "job_application"=>{"job_id"=>6}}
  [1m[36mUser Load (0.4ms)[0m  [1m[34mSELECT "users".* FROM "users" WHERE "users"."id" = $1 LIMIT $2[0m  [["id", 6], ["LIMIT", 1]]
  ↳ app/controllers/application_controller.rb:20:in `authenticate_request'
  [1m[36mJobApplication Load (0.5ms)[0m  [1m[34mSELECT "job_applications".* FROM "job_applications" WHERE "job_applications"."user_id" = $1 AND "job_applications"."job_id" = $2[0m  [["user_id", 6], ["job_id", 6]]
  ↳ app/controllers/api/v1/job_applications_controller.rb:24:in `create'
  [1m[36mCACHE User Load (0.0ms)[0m  [1m[34mSELECT "users".* FROM "users" WHERE "users"."id" = $1 LIMIT $2[0m  [["id", 6], ["LIMIT", 1]]
  ↳ app/controllers/api/v1/job_applications_controller.rb:28:in `create'
  [1m[36mTRANSACTION (1.7ms)[0m  [1m[35mBEGIN[0m
  ↳ app/controllers/api/v1/job_applications_controller.rb:28:in `create'
  [1m[36mJob Load (0.4ms)[0m  [1m[34mSELECT "jobs".* FROM "jobs" WHERE "jobs"."id" = $1 LIMIT $2[0m  [["id", 6], ["LIMIT", 1]]
  ↳ app/controllers/api/v1/job_applications_controller.rb:28:in `create'
  [1m[36mTRANSACTION (0.3ms)[0m  [1m[31mROLLBACK[0m
  ↳ app/controllers/api/v1/job_applications_controller.rb:28:in `create'
Completed 422 Unprocessable Entity in 250ms (Views: 201.8ms | ActiveRecord: 3.2ms | Allocations: 11643)


Started POST "/api/v1/job_applications" for ::1 at 2022-11-02 14:47:51 +0700
Processing by Api::V1::JobApplicationsController#create as */*
  Parameters: {"job_id"=>1, "job_application"=>{"job_id"=>1}}
  [1m[36mUser Load (0.3ms)[0m  [1m[34mSELECT "users".* FROM "users" WHERE "users"."id" = $1 LIMIT $2[0m  [["id", 6], ["LIMIT", 1]]
  ↳ app/controllers/application_controller.rb:20:in `authenticate_request'
  [1m[36mJobApplication Load (0.4ms)[0m  [1m[34mSELECT "job_applications".* FROM "job_applications" WHERE "job_applications"."user_id" = $1 AND "job_applications"."job_id" = $2[0m  [["user_id", 6], ["job_id", 1]]
  ↳ app/controllers/api/v1/job_applications_controller.rb:24:in `create'
  [1m[36mCACHE User Load (0.0ms)[0m  [1m[34mSELECT "users".* FROM "users" WHERE "users"."id" = $1 LIMIT $2[0m  [["id", 6], ["LIMIT", 1]]
  ↳ app/controllers/api/v1/job_applications_controller.rb:28:in `create'
  [1m[36mTRANSACTION (0.2ms)[0m  [1m[35mBEGIN[0m
  ↳ app/controllers/api/v1/job_applications_controller.rb:28:in `create'
  [1m[36mJob Load (0.5ms)[0m  [1m[34mSELECT "jobs".* FROM "jobs" WHERE "jobs"."id" = $1 LIMIT $2[0m  [["id", 1], ["LIMIT", 1]]
  ↳ app/controllers/api/v1/job_applications_controller.rb:28:in `create'
  [1m[36mJobApplication Create (23.2ms)[0m  [1m[32mINSERT INTO "job_applications" ("user_id", "job_id", "status", "created_at", "updated_at") VALUES ($1, $2, $3, $4, $5) RETURNING "id"[0m  [["user_id", 6], ["job_id", 1], ["status", 0], ["created_at", "2022-11-02 07:47:51.637422"], ["updated_at", "2022-11-02 07:47:51.637422"]]
  ↳ app/controllers/api/v1/job_applications_controller.rb:28:in `create'
  [1m[36mTRANSACTION (54.7ms)[0m  [1m[35mCOMMIT[0m
  ↳ app/controllers/api/v1/job_applications_controller.rb:28:in `create'
  [1m[36mTransaction Sum (0.7ms)[0m  [1m[34mSELECT SUM("transactions"."amount") FROM "transactions" WHERE "transactions"."receiver_id" = $1 AND "transactions"."is_verified" = $2[0m  [["receiver_id", 6], ["is_verified", true]]
  ↳ app/models/user.rb:50:in `points'
  [1m[36mTransaction Sum (3.3ms)[0m  [1m[34mSELECT SUM("transactions"."amount") FROM "transactions" WHERE "transactions"."sender_id" = $1 AND "transactions"."is_verified" = $2[0m  [["sender_id", 6], ["is_verified", true]]
  ↳ app/models/user.rb:51:in `points'
  [1m[36mJob Sum (0.4ms)[0m  [1m[34mSELECT SUM("jobs"."salary") FROM "jobs" WHERE "jobs"."employer_id" = $1[0m  [["employer_id", 6]]
  ↳ app/models/user.rb:56:in `deposit'
  [1m[36mUser Load (0.6ms)[0m  [1m[34mSELECT "users".* FROM "users" WHERE "users"."id" = $1 LIMIT $2[0m  [["id", 1], ["LIMIT", 1]]
  ↳ app/models/job.rb:53:in `new_attribute'
  [1m[36mTransaction Sum (0.9ms)[0m  [1m[34mSELECT SUM("transactions"."amount") FROM "transactions" WHERE "transactions"."receiver_id" = $1 AND "transactions"."is_verified" = $2[0m  [["receiver_id", 1], ["is_verified", true]]
  ↳ app/models/user.rb:50:in `points'
  [1m[36mTransaction Sum (0.5ms)[0m  [1m[34mSELECT SUM("transactions"."amount") FROM "transactions" WHERE "transactions"."sender_id" = $1 AND "transactions"."is_verified" = $2[0m  [["sender_id", 1], ["is_verified", true]]
  ↳ app/models/user.rb:51:in `points'
  [1m[36mJob Sum (0.7ms)[0m  [1m[34mSELECT SUM("jobs"."salary") FROM "jobs" WHERE "jobs"."employer_id" = $1[0m  [["employer_id", 1]]
  ↳ app/models/user.rb:56:in `deposit'
  [1m[36mWorker Load (0.5ms)[0m  [1m[34mSELECT "workers".* FROM "workers" WHERE "workers"."job_id" = $1[0m  [["job_id", 1]]
  ↳ app/models/job.rb:54:in `map'
Completed 201 Created in 145ms (Views: 0.8ms | ActiveRecord: 87.2ms | Allocations: 10870)


Started GET "/api/v1/job_applications/3" for ::1 at 2022-11-02 14:48:00 +0700
Processing by Api::V1::JobApplicationsController#show as */*
  Parameters: {"id"=>"3"}
  [1m[36mUser Load (0.4ms)[0m  [1m[34mSELECT "users".* FROM "users" WHERE "users"."id" = $1 LIMIT $2[0m  [["id", 6], ["LIMIT", 1]]
  ↳ app/controllers/application_controller.rb:20:in `authenticate_request'
  [1m[36mJobApplication Load (0.5ms)[0m  [1m[34mSELECT "job_applications".* FROM "job_applications" WHERE "job_applications"."id" = $1 LIMIT $2[0m  [["id", 3], ["LIMIT", 1]]
  ↳ app/controllers/api/v1/job_applications_controller.rb:60:in `set_job_application'
Completed 404 Not Found in 25ms (ActiveRecord: 0.9ms | Allocations: 1170)


  
ActiveRecord::RecordNotFound (Couldn't find JobApplication with 'id'=3):
  
app/controllers/api/v1/job_applications_controller.rb:60:in `set_job_application'
Started GET "/api/v1/job_applications/1" for ::1 at 2022-11-02 14:48:05 +0700
Processing by Api::V1::JobApplicationsController#show as */*
  Parameters: {"id"=>"1"}
  [1m[36mUser Load (0.6ms)[0m  [1m[34mSELECT "users".* FROM "users" WHERE "users"."id" = $1 LIMIT $2[0m  [["id", 6], ["LIMIT", 1]]
  ↳ app/controllers/application_controller.rb:20:in `authenticate_request'
  [1m[36mJobApplication Load (1.2ms)[0m  [1m[34mSELECT "job_applications".* FROM "job_applications" WHERE "job_applications"."id" = $1 LIMIT $2[0m  [["id", 1], ["LIMIT", 1]]
  ↳ app/controllers/api/v1/job_applications_controller.rb:60:in `set_job_application'
  [1m[36mUser Load (2.8ms)[0m  [1m[34mSELECT "users".* FROM "users" WHERE "users"."id" = $1 LIMIT $2[0m  [["id", 3], ["LIMIT", 1]]
  ↳ app/models/job_application.rb:14:in `new_attribute'
  [1m[36mTransaction Sum (1.9ms)[0m  [1m[34mSELECT SUM("transactions"."amount") FROM "transactions" WHERE "transactions"."receiver_id" = $1 AND "transactions"."is_verified" = $2[0m  [["receiver_id", 3], ["is_verified", true]]
  ↳ app/models/user.rb:50:in `points'
  [1m[36mTransaction Sum (1.3ms)[0m  [1m[34mSELECT SUM("transactions"."amount") FROM "transactions" WHERE "transactions"."sender_id" = $1 AND "transactions"."is_verified" = $2[0m  [["sender_id", 3], ["is_verified", true]]
  ↳ app/models/user.rb:51:in `points'
  [1m[36mJob Sum (1.4ms)[0m  [1m[34mSELECT SUM("jobs"."salary") FROM "jobs" WHERE "jobs"."employer_id" = $1[0m  [["employer_id", 3]]
  ↳ app/models/user.rb:56:in `deposit'
  [1m[36mJob Load (5.3ms)[0m  [1m[34mSELECT "jobs".* FROM "jobs" WHERE "jobs"."id" = $1 LIMIT $2[0m  [["id", 1], ["LIMIT", 1]]
  ↳ app/models/job_application.rb:15:in `new_attribute'
  [1m[36mUser Load (0.5ms)[0m  [1m[34mSELECT "users".* FROM "users" WHERE "users"."id" = $1 LIMIT $2[0m  [["id", 1], ["LIMIT", 1]]
  ↳ app/models/job.rb:53:in `new_attribute'
  [1m[36mTransaction Sum (4.8ms)[0m  [1m[34mSELECT SUM("transactions"."amount") FROM "transactions" WHERE "transactions"."receiver_id" = $1 AND "transactions"."is_verified" = $2[0m  [["receiver_id", 1], ["is_verified", true]]
  ↳ app/models/user.rb:50:in `points'
  [1m[36mTransaction Sum (0.6ms)[0m  [1m[34mSELECT SUM("transactions"."amount") FROM "transactions" WHERE "transactions"."sender_id" = $1 AND "transactions"."is_verified" = $2[0m  [["sender_id", 1], ["is_verified", true]]
  ↳ app/models/user.rb:51:in `points'
  [1m[36mJob Sum (1.8ms)[0m  [1m[34mSELECT SUM("jobs"."salary") FROM "jobs" WHERE "jobs"."employer_id" = $1[0m  [["employer_id", 1]]
  ↳ app/models/user.rb:56:in `deposit'
  [1m[36mWorker Load (0.5ms)[0m  [1m[34mSELECT "workers".* FROM "workers" WHERE "workers"."job_id" = $1[0m  [["job_id", 1]]
  ↳ app/models/job.rb:54:in `map'
Completed 200 OK in 142ms (Views: 0.9ms | ActiveRecord: 22.7ms | Allocations: 7844)


Started GET "/api/v1/job_applications/2" for ::1 at 2022-11-02 14:48:25 +0700
Processing by Api::V1::JobApplicationsController#show as */*
  Parameters: {"id"=>"2"}
  [1m[36mUser Load (0.8ms)[0m  [1m[34mSELECT "users".* FROM "users" WHERE "users"."id" = $1 LIMIT $2[0m  [["id", 6], ["LIMIT", 1]]
  ↳ app/controllers/application_controller.rb:20:in `authenticate_request'
  [1m[36mJobApplication Load (22.3ms)[0m  [1m[34mSELECT "job_applications".* FROM "job_applications" WHERE "job_applications"."id" = $1 LIMIT $2[0m  [["id", 2], ["LIMIT", 1]]
  ↳ app/controllers/api/v1/job_applications_controller.rb:60:in `set_job_application'
  [1m[36mCACHE User Load (0.0ms)[0m  [1m[34mSELECT "users".* FROM "users" WHERE "users"."id" = $1 LIMIT $2[0m  [["id", 6], ["LIMIT", 1]]
  ↳ app/models/job_application.rb:14:in `new_attribute'
  [1m[36mTransaction Sum (0.6ms)[0m  [1m[34mSELECT SUM("transactions"."amount") FROM "transactions" WHERE "transactions"."receiver_id" = $1 AND "transactions"."is_verified" = $2[0m  [["receiver_id", 6], ["is_verified", true]]
  ↳ app/models/user.rb:50:in `points'
  [1m[36mTransaction Sum (0.5ms)[0m  [1m[34mSELECT SUM("transactions"."amount") FROM "transactions" WHERE "transactions"."sender_id" = $1 AND "transactions"."is_verified" = $2[0m  [["sender_id", 6], ["is_verified", true]]
  ↳ app/models/user.rb:51:in `points'
  [1m[36mJob Sum (0.7ms)[0m  [1m[34mSELECT SUM("jobs"."salary") FROM "jobs" WHERE "jobs"."employer_id" = $1[0m  [["employer_id", 6]]
  ↳ app/models/user.rb:56:in `deposit'
  [1m[36mJob Load (0.5ms)[0m  [1m[34mSELECT "jobs".* FROM "jobs" WHERE "jobs"."id" = $1 LIMIT $2[0m  [["id", 1], ["LIMIT", 1]]
  ↳ app/models/job_application.rb:15:in `new_attribute'
  [1m[36mUser Load (0.4ms)[0m  [1m[34mSELECT "users".* FROM "users" WHERE "users"."id" = $1 LIMIT $2[0m  [["id", 1], ["LIMIT", 1]]
  ↳ app/models/job.rb:53:in `new_attribute'
  [1m[36mTransaction Sum (1.8ms)[0m  [1m[34mSELECT SUM("transactions"."amount") FROM "transactions" WHERE "transactions"."receiver_id" = $1 AND "transactions"."is_verified" = $2[0m  [["receiver_id", 1], ["is_verified", true]]
  ↳ app/models/user.rb:50:in `points'
  [1m[36mTransaction Sum (0.3ms)[0m  [1m[34mSELECT SUM("transactions"."amount") FROM "transactions" WHERE "transactions"."sender_id" = $1 AND "transactions"."is_verified" = $2[0m  [["sender_id", 1], ["is_verified", true]]
  ↳ app/models/user.rb:51:in `points'
  [1m[36mJob Sum (0.3ms)[0m  [1m[34mSELECT SUM("jobs"."salary") FROM "jobs" WHERE "jobs"."employer_id" = $1[0m  [["employer_id", 1]]
  ↳ app/models/user.rb:56:in `deposit'
  [1m[36mWorker Load (8.5ms)[0m  [1m[34mSELECT "workers".* FROM "workers" WHERE "workers"."job_id" = $1[0m  [["job_id", 1]]
  ↳ app/models/job.rb:54:in `map'
Completed 200 OK in 111ms (Views: 0.8ms | ActiveRecord: 36.8ms | Allocations: 7741)


Started GET "/api/v1/job_applications?status=1" for ::1 at 2022-11-02 14:48:32 +0700
Processing by Api::V1::JobApplicationsController#index as */*
  Parameters: {"status"=>"1"}
  [1m[36mUser Load (1.1ms)[0m  [1m[34mSELECT "users".* FROM "users" WHERE "users"."id" = $1 LIMIT $2[0m  [["id", 6], ["LIMIT", 1]]
  ↳ app/controllers/application_controller.rb:20:in `authenticate_request'
  [1m[36mJobApplication Load (2.5ms)[0m  [1m[34mSELECT "job_applications".* FROM "job_applications" WHERE "job_applications"."user_id" = $1 AND "job_applications"."status" = $2[0m  [["user_id", 6], ["status", 1]]
  ↳ app/controllers/api/v1/job_applications_controller.rb:11:in `map'
Completed 200 OK in 18ms (Views: 0.3ms | ActiveRecord: 3.6ms | Allocations: 1397)


Started GET "/api/v1/job_applications?status=0" for ::1 at 2022-11-02 14:48:36 +0700
Processing by Api::V1::JobApplicationsController#index as */*
  Parameters: {"status"=>"0"}
  [1m[36mUser Load (0.4ms)[0m  [1m[34mSELECT "users".* FROM "users" WHERE "users"."id" = $1 LIMIT $2[0m  [["id", 6], ["LIMIT", 1]]
  ↳ app/controllers/application_controller.rb:20:in `authenticate_request'
  [1m[36mJobApplication Load (0.5ms)[0m  [1m[34mSELECT "job_applications".* FROM "job_applications" WHERE "job_applications"."user_id" = $1 AND "job_applications"."status" = $2[0m  [["user_id", 6], ["status", 0]]
  ↳ app/controllers/api/v1/job_applications_controller.rb:11:in `map'
  [1m[36mTransaction Sum (0.3ms)[0m  [1m[34mSELECT SUM("transactions"."amount") FROM "transactions" WHERE "transactions"."receiver_id" = $1 AND "transactions"."is_verified" = $2[0m  [["receiver_id", 6], ["is_verified", true]]
  ↳ app/models/user.rb:50:in `points'
  [1m[36mTransaction Sum (0.3ms)[0m  [1m[34mSELECT SUM("transactions"."amount") FROM "transactions" WHERE "transactions"."sender_id" = $1 AND "transactions"."is_verified" = $2[0m  [["sender_id", 6], ["is_verified", true]]
  ↳ app/models/user.rb:51:in `points'
  [1m[36mJob Sum (0.4ms)[0m  [1m[34mSELECT SUM("jobs"."salary") FROM "jobs" WHERE "jobs"."employer_id" = $1[0m  [["employer_id", 6]]
  ↳ app/models/user.rb:56:in `deposit'
  [1m[36mJob Load (0.5ms)[0m  [1m[34mSELECT "jobs".* FROM "jobs" WHERE "jobs"."id" = $1 LIMIT $2[0m  [["id", 1], ["LIMIT", 1]]
  ↳ app/models/job_application.rb:15:in `new_attribute'
  [1m[36mUser Load (0.4ms)[0m  [1m[34mSELECT "users".* FROM "users" WHERE "users"."id" = $1 LIMIT $2[0m  [["id", 1], ["LIMIT", 1]]
  ↳ app/models/job.rb:53:in `new_attribute'
  [1m[36mTransaction Sum (0.5ms)[0m  [1m[34mSELECT SUM("transactions"."amount") FROM "transactions" WHERE "transactions"."receiver_id" = $1 AND "transactions"."is_verified" = $2[0m  [["receiver_id", 1], ["is_verified", true]]
  ↳ app/models/user.rb:50:in `points'
  [1m[36mTransaction Sum (2.3ms)[0m  [1m[34mSELECT SUM("transactions"."amount") FROM "transactions" WHERE "transactions"."sender_id" = $1 AND "transactions"."is_verified" = $2[0m  [["sender_id", 1], ["is_verified", true]]
  ↳ app/models/user.rb:51:in `points'
  [1m[36mJob Sum (0.4ms)[0m  [1m[34mSELECT SUM("jobs"."salary") FROM "jobs" WHERE "jobs"."employer_id" = $1[0m  [["employer_id", 1]]
  ↳ app/models/user.rb:56:in `deposit'
  [1m[36mWorker Load (0.5ms)[0m  [1m[34mSELECT "workers".* FROM "workers" WHERE "workers"."job_id" = $1[0m  [["job_id", 1]]
  ↳ app/models/job.rb:54:in `map'
Completed 200 OK in 55ms (Views: 0.7ms | ActiveRecord: 6.3ms | Allocations: 7508)


Started GET "/api/v1/users?page=0&size=10&sort_by=name&sort_direction=DESC" for ::1 at 2022-11-02 15:34:13 +0700
  [1m[36mActiveRecord::SchemaMigration Pluck (1.1ms)[0m  [1m[34mSELECT "schema_migrations"."version" FROM "schema_migrations" ORDER BY "schema_migrations"."version" ASC[0m
Processing by Api::V1::UsersController#index as */*
  Parameters: {"page"=>"0", "size"=>"10", "sort_by"=>"name", "sort_direction"=>"DESC"}
  [1m[36mUser Load (0.6ms)[0m  [1m[34mSELECT "users".* FROM "users" WHERE "users"."id" = $1 LIMIT $2[0m  [["id", 6], ["LIMIT", 1]]
  ↳ app/controllers/application_controller.rb:20:in `authenticate_request'
Completed 500 Internal Server Error in 270ms (ActiveRecord: 6.6ms | Allocations: 18304)


  
RangeError (invalid page: 0):
  
app/models/user.rb:35:in `display_all'
app/controllers/api/v1/users_controller.rb:7:in `index'
Started GET "/api/v1/users?page=0&size=10&sort_by=name&sort_direction=DESC" for ::1 at 2022-11-02 15:34:19 +0700
Processing by Api::V1::UsersController#index as */*
  Parameters: {"page"=>"0", "size"=>"10", "sort_by"=>"name", "sort_direction"=>"DESC"}
  [1m[36mUser Load (0.7ms)[0m  [1m[34mSELECT "users".* FROM "users" WHERE "users"."id" = $1 LIMIT $2[0m  [["id", 6], ["LIMIT", 1]]
  ↳ app/controllers/application_controller.rb:20:in `authenticate_request'
Completed 500 Internal Server Error in 6ms (ActiveRecord: 0.7ms | Allocations: 890)


  
RangeError (invalid page: 0):
  
app/models/user.rb:35:in `display_all'
app/controllers/api/v1/users_controller.rb:7:in `index'
Started GET "/api/v1/users?page=1&size=10&sort_by=name&sort_direction=DESC" for ::1 at 2022-11-02 15:34:28 +0700
Processing by Api::V1::UsersController#index as */*
  Parameters: {"page"=>"1", "size"=>"10", "sort_by"=>"name", "sort_direction"=>"DESC"}
  [1m[36mUser Load (0.5ms)[0m  [1m[34mSELECT "users".* FROM "users" WHERE "users"."id" = $1 LIMIT $2[0m  [["id", 6], ["LIMIT", 1]]
  ↳ app/controllers/application_controller.rb:20:in `authenticate_request'
  [1m[36mUser Count (0.6ms)[0m  [1m[34mSELECT COUNT(*) FROM "users"[0m
  ↳ app/models/user.rb:38:in `display_all'
  [1m[36mUser Load (0.7ms)[0m  [1m[34mSELECT "users".* FROM "users" ORDER BY "users"."updated_at" ASC LIMIT $1 OFFSET $2[0m  [["LIMIT", 10], ["OFFSET", 0]]
  ↳ app/models/user.rb:43:in `map'
  [1m[36mTransaction Sum (0.5ms)[0m  [1m[34mSELECT SUM("transactions"."amount") FROM "transactions" WHERE "transactions"."receiver_id" = $1 AND "transactions"."is_verified" = $2[0m  [["receiver_id", 1], ["is_verified", true]]
  ↳ app/models/user.rb:50:in `points'
  [1m[36mTransaction Sum (0.5ms)[0m  [1m[34mSELECT SUM("transactions"."amount") FROM "transactions" WHERE "transactions"."sender_id" = $1 AND "transactions"."is_verified" = $2[0m  [["sender_id", 1], ["is_verified", true]]
  ↳ app/models/user.rb:51:in `points'
  [1m[36mJob Sum (0.6ms)[0m  [1m[34mSELECT SUM("jobs"."salary") FROM "jobs" WHERE "jobs"."employer_id" = $1[0m  [["employer_id", 1]]
  ↳ app/models/user.rb:56:in `deposit'
  [1m[36mTransaction Sum (0.4ms)[0m  [1m[34mSELECT SUM("transactions"."amount") FROM "transactions" WHERE "transactions"."receiver_id" = $1 AND "transactions"."is_verified" = $2[0m  [["receiver_id", 2], ["is_verified", true]]
  ↳ app/models/user.rb:50:in `points'
  [1m[36mTransaction Sum (0.6ms)[0m  [1m[34mSELECT SUM("transactions"."amount") FROM "transactions" WHERE "transactions"."sender_id" = $1 AND "transactions"."is_verified" = $2[0m  [["sender_id", 2], ["is_verified", true]]
  ↳ app/models/user.rb:51:in `points'
  [1m[36mJob Sum (1.8ms)[0m  [1m[34mSELECT SUM("jobs"."salary") FROM "jobs" WHERE "jobs"."employer_id" = $1[0m  [["employer_id", 2]]
  ↳ app/models/user.rb:56:in `deposit'
  [1m[36mTransaction Sum (0.5ms)[0m  [1m[34mSELECT SUM("transactions"."amount") FROM "transactions" WHERE "transactions"."receiver_id" = $1 AND "transactions"."is_verified" = $2[0m  [["receiver_id", 3], ["is_verified", true]]
  ↳ app/models/user.rb:50:in `points'
  [1m[36mTransaction Sum (0.6ms)[0m  [1m[34mSELECT SUM("transactions"."amount") FROM "transactions" WHERE "transactions"."sender_id" = $1 AND "transactions"."is_verified" = $2[0m  [["sender_id", 3], ["is_verified", true]]
  ↳ app/models/user.rb:51:in `points'
  [1m[36mJob Sum (0.9ms)[0m  [1m[34mSELECT SUM("jobs"."salary") FROM "jobs" WHERE "jobs"."employer_id" = $1[0m  [["employer_id", 3]]
  ↳ app/models/user.rb:56:in `deposit'
  [1m[36mTransaction Sum (1.2ms)[0m  [1m[34mSELECT SUM("transactions"."amount") FROM "transactions" WHERE "transactions"."receiver_id" = $1 AND "transactions"."is_verified" = $2[0m  [["receiver_id", 4], ["is_verified", true]]
  ↳ app/models/user.rb:50:in `points'
  [1m[36mTransaction Sum (0.5ms)[0m  [1m[34mSELECT SUM("transactions"."amount") FROM "transactions" WHERE "transactions"."sender_id" = $1 AND "transactions"."is_verified" = $2[0m  [["sender_id", 4], ["is_verified", true]]
  ↳ app/models/user.rb:51:in `points'
  [1m[36mJob Sum (0.6ms)[0m  [1m[34mSELECT SUM("jobs"."salary") FROM "jobs" WHERE "jobs"."employer_id" = $1[0m  [["employer_id", 4]]
  ↳ app/models/user.rb:56:in `deposit'
  [1m[36mTransaction Sum (0.5ms)[0m  [1m[34mSELECT SUM("transactions"."amount") FROM "transactions" WHERE "transactions"."receiver_id" = $1 AND "transactions"."is_verified" = $2[0m  [["receiver_id", 5], ["is_verified", true]]
  ↳ app/models/user.rb:50:in `points'
  [1m[36mTransaction Sum (0.4ms)[0m  [1m[34mSELECT SUM("transactions"."amount") FROM "transactions" WHERE "transactions"."sender_id" = $1 AND "transactions"."is_verified" = $2[0m  [["sender_id", 5], ["is_verified", true]]
  ↳ app/models/user.rb:51:in `points'
  [1m[36mJob Sum (0.5ms)[0m  [1m[34mSELECT SUM("jobs"."salary") FROM "jobs" WHERE "jobs"."employer_id" = $1[0m  [["employer_id", 5]]
  ↳ app/models/user.rb:56:in `deposit'
  [1m[36mTransaction Sum (0.9ms)[0m  [1m[34mSELECT SUM("transactions"."amount") FROM "transactions" WHERE "transactions"."receiver_id" = $1 AND "transactions"."is_verified" = $2[0m  [["receiver_id", 7], ["is_verified", true]]
  ↳ app/models/user.rb:50:in `points'
  [1m[36mTransaction Sum (0.4ms)[0m  [1m[34mSELECT SUM("transactions"."amount") FROM "transactions" WHERE "transactions"."sender_id" = $1 AND "transactions"."is_verified" = $2[0m  [["sender_id", 7], ["is_verified", true]]
  ↳ app/models/user.rb:51:in `points'
  [1m[36mJob Sum (2.2ms)[0m  [1m[34mSELECT SUM("jobs"."salary") FROM "jobs" WHERE "jobs"."employer_id" = $1[0m  [["employer_id", 7]]
  ↳ app/models/user.rb:56:in `deposit'
  [1m[36mTransaction Sum (0.5ms)[0m  [1m[34mSELECT SUM("transactions"."amount") FROM "transactions" WHERE "transactions"."receiver_id" = $1 AND "transactions"."is_verified" = $2[0m  [["receiver_id", 6], ["is_verified", true]]
  ↳ app/models/user.rb:50:in `points'
  [1m[36mTransaction Sum (0.4ms)[0m  [1m[34mSELECT SUM("transactions"."amount") FROM "transactions" WHERE "transactions"."sender_id" = $1 AND "transactions"."is_verified" = $2[0m  [["sender_id", 6], ["is_verified", true]]
  ↳ app/models/user.rb:51:in `points'
  [1m[36mJob Sum (0.3ms)[0m  [1m[34mSELECT SUM("jobs"."salary") FROM "jobs" WHERE "jobs"."employer_id" = $1[0m  [["employer_id", 6]]
  ↳ app/models/user.rb:56:in `deposit'
Completed 200 OK in 396ms (Views: 2.6ms | ActiveRecord: 24.7ms | Allocations: 29498)


Started GET "/api/v1/users?page=1&size=10&sort_by=user_type&sort_direction=DESC" for ::1 at 2022-11-02 15:34:49 +0700
Processing by Api::V1::UsersController#index as */*
  Parameters: {"page"=>"1", "size"=>"10", "sort_by"=>"user_type", "sort_direction"=>"DESC"}
  [1m[36mUser Load (1.5ms)[0m  [1m[34mSELECT "users".* FROM "users" WHERE "users"."id" = $1 LIMIT $2[0m  [["id", 6], ["LIMIT", 1]]
  ↳ app/controllers/application_controller.rb:20:in `authenticate_request'
  [1m[36mUser Count (2.1ms)[0m  [1m[34mSELECT COUNT(*) FROM "users"[0m
  ↳ app/models/user.rb:38:in `display_all'
  [1m[36mUser Load (1.5ms)[0m  [1m[34mSELECT "users".* FROM "users" ORDER BY "users"."updated_at" ASC LIMIT $1 OFFSET $2[0m  [["LIMIT", 10], ["OFFSET", 0]]
  ↳ app/models/user.rb:43:in `map'
  [1m[36mTransaction Sum (3.9ms)[0m  [1m[34mSELECT SUM("transactions"."amount") FROM "transactions" WHERE "transactions"."receiver_id" = $1 AND "transactions"."is_verified" = $2[0m  [["receiver_id", 1], ["is_verified", true]]
  ↳ app/models/user.rb:50:in `points'
  [1m[36mTransaction Sum (2.4ms)[0m  [1m[34mSELECT SUM("transactions"."amount") FROM "transactions" WHERE "transactions"."sender_id" = $1 AND "transactions"."is_verified" = $2[0m  [["sender_id", 1], ["is_verified", true]]
  ↳ app/models/user.rb:51:in `points'
  [1m[36mJob Sum (7.2ms)[0m  [1m[34mSELECT SUM("jobs"."salary") FROM "jobs" WHERE "jobs"."employer_id" = $1[0m  [["employer_id", 1]]
  ↳ app/models/user.rb:56:in `deposit'
  [1m[36mTransaction Sum (0.4ms)[0m  [1m[34mSELECT SUM("transactions"."amount") FROM "transactions" WHERE "transactions"."receiver_id" = $1 AND "transactions"."is_verified" = $2[0m  [["receiver_id", 2], ["is_verified", true]]
  ↳ app/models/user.rb:50:in `points'
  [1m[36mTransaction Sum (1.1ms)[0m  [1m[34mSELECT SUM("transactions"."amount") FROM "transactions" WHERE "transactions"."sender_id" = $1 AND "transactions"."is_verified" = $2[0m  [["sender_id", 2], ["is_verified", true]]
  ↳ app/models/user.rb:51:in `points'
  [1m[36mJob Sum (0.4ms)[0m  [1m[34mSELECT SUM("jobs"."salary") FROM "jobs" WHERE "jobs"."employer_id" = $1[0m  [["employer_id", 2]]
  ↳ app/models/user.rb:56:in `deposit'
  [1m[36mTransaction Sum (0.4ms)[0m  [1m[34mSELECT SUM("transactions"."amount") FROM "transactions" WHERE "transactions"."receiver_id" = $1 AND "transactions"."is_verified" = $2[0m  [["receiver_id", 3], ["is_verified", true]]
  ↳ app/models/user.rb:50:in `points'
  [1m[36mTransaction Sum (0.4ms)[0m  [1m[34mSELECT SUM("transactions"."amount") FROM "transactions" WHERE "transactions"."sender_id" = $1 AND "transactions"."is_verified" = $2[0m  [["sender_id", 3], ["is_verified", true]]
  ↳ app/models/user.rb:51:in `points'
  [1m[36mJob Sum (0.4ms)[0m  [1m[34mSELECT SUM("jobs"."salary") FROM "jobs" WHERE "jobs"."employer_id" = $1[0m  [["employer_id", 3]]
  ↳ app/models/user.rb:56:in `deposit'
  [1m[36mTransaction Sum (0.4ms)[0m  [1m[34mSELECT SUM("transactions"."amount") FROM "transactions" WHERE "transactions"."receiver_id" = $1 AND "transactions"."is_verified" = $2[0m  [["receiver_id", 4], ["is_verified", true]]
  ↳ app/models/user.rb:50:in `points'
  [1m[36mTransaction Sum (0.5ms)[0m  [1m[34mSELECT SUM("transactions"."amount") FROM "transactions" WHERE "transactions"."sender_id" = $1 AND "transactions"."is_verified" = $2[0m  [["sender_id", 4], ["is_verified", true]]
  ↳ app/models/user.rb:51:in `points'
  [1m[36mJob Sum (0.4ms)[0m  [1m[34mSELECT SUM("jobs"."salary") FROM "jobs" WHERE "jobs"."employer_id" = $1[0m  [["employer_id", 4]]
  ↳ app/models/user.rb:56:in `deposit'
  [1m[36mTransaction Sum (1.7ms)[0m  [1m[34mSELECT SUM("transactions"."amount") FROM "transactions" WHERE "transactions"."receiver_id" = $1 AND "transactions"."is_verified" = $2[0m  [["receiver_id", 5], ["is_verified", true]]
  ↳ app/models/user.rb:50:in `points'
  [1m[36mTransaction Sum (0.8ms)[0m  [1m[34mSELECT SUM("transactions"."amount") FROM "transactions" WHERE "transactions"."sender_id" = $1 AND "transactions"."is_verified" = $2[0m  [["sender_id", 5], ["is_verified", true]]
  ↳ app/models/user.rb:51:in `points'
  [1m[36mJob Sum (0.4ms)[0m  [1m[34mSELECT SUM("jobs"."salary") FROM "jobs" WHERE "jobs"."employer_id" = $1[0m  [["employer_id", 5]]
  ↳ app/models/user.rb:56:in `deposit'
  [1m[36mTransaction Sum (0.4ms)[0m  [1m[34mSELECT SUM("transactions"."amount") FROM "transactions" WHERE "transactions"."receiver_id" = $1 AND "transactions"."is_verified" = $2[0m  [["receiver_id", 7], ["is_verified", true]]
  ↳ app/models/user.rb:50:in `points'
  [1m[36mTransaction Sum (0.5ms)[0m  [1m[34mSELECT SUM("transactions"."amount") FROM "transactions" WHERE "transactions"."sender_id" = $1 AND "transactions"."is_verified" = $2[0m  [["sender_id", 7], ["is_verified", true]]
  ↳ app/models/user.rb:51:in `points'
  [1m[36mJob Sum (0.4ms)[0m  [1m[34mSELECT SUM("jobs"."salary") FROM "jobs" WHERE "jobs"."employer_id" = $1[0m  [["employer_id", 7]]
  ↳ app/models/user.rb:56:in `deposit'
  [1m[36mTransaction Sum (0.4ms)[0m  [1m[34mSELECT SUM("transactions"."amount") FROM "transactions" WHERE "transactions"."receiver_id" = $1 AND "transactions"."is_verified" = $2[0m  [["receiver_id", 6], ["is_verified", true]]
  ↳ app/models/user.rb:50:in `points'
  [1m[36mTransaction Sum (4.5ms)[0m  [1m[34mSELECT SUM("transactions"."amount") FROM "transactions" WHERE "transactions"."sender_id" = $1 AND "transactions"."is_verified" = $2[0m  [["sender_id", 6], ["is_verified", true]]
  ↳ app/models/user.rb:51:in `points'
  [1m[36mJob Sum (6.3ms)[0m  [1m[34mSELECT SUM("jobs"."salary") FROM "jobs" WHERE "jobs"."employer_id" = $1[0m  [["employer_id", 6]]
  ↳ app/models/user.rb:56:in `deposit'
Completed 200 OK in 244ms (Views: 9.2ms | ActiveRecord: 38.4ms | Allocations: 15829)


Started GET "/api/v1/users?page=1&size=10&sort_by=id&sort_direction=DESC" for ::1 at 2022-11-02 15:35:08 +0700
Processing by Api::V1::UsersController#index as */*
  Parameters: {"page"=>"1", "size"=>"10", "sort_by"=>"id", "sort_direction"=>"DESC"}
  [1m[36mUser Load (0.5ms)[0m  [1m[34mSELECT "users".* FROM "users" WHERE "users"."id" = $1 LIMIT $2[0m  [["id", 6], ["LIMIT", 1]]
  ↳ app/controllers/application_controller.rb:20:in `authenticate_request'
  [1m[36mUser Count (0.5ms)[0m  [1m[34mSELECT COUNT(*) FROM "users"[0m
  ↳ app/models/user.rb:38:in `display_all'
  [1m[36mUser Load (0.6ms)[0m  [1m[34mSELECT "users".* FROM "users" ORDER BY "users"."updated_at" ASC LIMIT $1 OFFSET $2[0m  [["LIMIT", 10], ["OFFSET", 0]]
  ↳ app/models/user.rb:43:in `map'
  [1m[36mTransaction Sum (0.4ms)[0m  [1m[34mSELECT SUM("transactions"."amount") FROM "transactions" WHERE "transactions"."receiver_id" = $1 AND "transactions"."is_verified" = $2[0m  [["receiver_id", 1], ["is_verified", true]]
  ↳ app/models/user.rb:50:in `points'
  [1m[36mTransaction Sum (0.3ms)[0m  [1m[34mSELECT SUM("transactions"."amount") FROM "transactions" WHERE "transactions"."sender_id" = $1 AND "transactions"."is_verified" = $2[0m  [["sender_id", 1], ["is_verified", true]]
  ↳ app/models/user.rb:51:in `points'
  [1m[36mJob Sum (0.4ms)[0m  [1m[34mSELECT SUM("jobs"."salary") FROM "jobs" WHERE "jobs"."employer_id" = $1[0m  [["employer_id", 1]]
  ↳ app/models/user.rb:56:in `deposit'
  [1m[36mTransaction Sum (0.4ms)[0m  [1m[34mSELECT SUM("transactions"."amount") FROM "transactions" WHERE "transactions"."receiver_id" = $1 AND "transactions"."is_verified" = $2[0m  [["receiver_id", 2], ["is_verified", true]]
  ↳ app/models/user.rb:50:in `points'
  [1m[36mTransaction Sum (0.3ms)[0m  [1m[34mSELECT SUM("transactions"."amount") FROM "transactions" WHERE "transactions"."sender_id" = $1 AND "transactions"."is_verified" = $2[0m  [["sender_id", 2], ["is_verified", true]]
  ↳ app/models/user.rb:51:in `points'
  [1m[36mJob Sum (0.6ms)[0m  [1m[34mSELECT SUM("jobs"."salary") FROM "jobs" WHERE "jobs"."employer_id" = $1[0m  [["employer_id", 2]]
  ↳ app/models/user.rb:56:in `deposit'
  [1m[36mTransaction Sum (0.3ms)[0m  [1m[34mSELECT SUM("transactions"."amount") FROM "transactions" WHERE "transactions"."receiver_id" = $1 AND "transactions"."is_verified" = $2[0m  [["receiver_id", 3], ["is_verified", true]]
  ↳ app/models/user.rb:50:in `points'
  [1m[36mTransaction Sum (0.3ms)[0m  [1m[34mSELECT SUM("transactions"."amount") FROM "transactions" WHERE "transactions"."sender_id" = $1 AND "transactions"."is_verified" = $2[0m  [["sender_id", 3], ["is_verified", true]]
  ↳ app/models/user.rb:51:in `points'
  [1m[36mJob Sum (0.3ms)[0m  [1m[34mSELECT SUM("jobs"."salary") FROM "jobs" WHERE "jobs"."employer_id" = $1[0m  [["employer_id", 3]]
  ↳ app/models/user.rb:56:in `deposit'
  [1m[36mTransaction Sum (0.3ms)[0m  [1m[34mSELECT SUM("transactions"."amount") FROM "transactions" WHERE "transactions"."receiver_id" = $1 AND "transactions"."is_verified" = $2[0m  [["receiver_id", 4], ["is_verified", true]]
  ↳ app/models/user.rb:50:in `points'
  [1m[36mTransaction Sum (0.4ms)[0m  [1m[34mSELECT SUM("transactions"."amount") FROM "transactions" WHERE "transactions"."sender_id" = $1 AND "transactions"."is_verified" = $2[0m  [["sender_id", 4], ["is_verified", true]]
  ↳ app/models/user.rb:51:in `points'
  [1m[36mJob Sum (5.6ms)[0m  [1m[34mSELECT SUM("jobs"."salary") FROM "jobs" WHERE "jobs"."employer_id" = $1[0m  [["employer_id", 4]]
  ↳ app/models/user.rb:56:in `deposit'
  [1m[36mTransaction Sum (0.7ms)[0m  [1m[34mSELECT SUM("transactions"."amount") FROM "transactions" WHERE "transactions"."receiver_id" = $1 AND "transactions"."is_verified" = $2[0m  [["receiver_id", 5], ["is_verified", true]]
  ↳ app/models/user.rb:50:in `points'
  [1m[36mTransaction Sum (0.8ms)[0m  [1m[34mSELECT SUM("transactions"."amount") FROM "transactions" WHERE "transactions"."sender_id" = $1 AND "transactions"."is_verified" = $2[0m  [["sender_id", 5], ["is_verified", true]]
  ↳ app/models/user.rb:51:in `points'
  [1m[36mJob Sum (1.1ms)[0m  [1m[34mSELECT SUM("jobs"."salary") FROM "jobs" WHERE "jobs"."employer_id" = $1[0m  [["employer_id", 5]]
  ↳ app/models/user.rb:56:in `deposit'
  [1m[36mTransaction Sum (1.5ms)[0m  [1m[34mSELECT SUM("transactions"."amount") FROM "transactions" WHERE "transactions"."receiver_id" = $1 AND "transactions"."is_verified" = $2[0m  [["receiver_id", 7], ["is_verified", true]]
  ↳ app/models/user.rb:50:in `points'
  [1m[36mTransaction Sum (3.0ms)[0m  [1m[34mSELECT SUM("transactions"."amount") FROM "transactions" WHERE "transactions"."sender_id" = $1 AND "transactions"."is_verified" = $2[0m  [["sender_id", 7], ["is_verified", true]]
  ↳ app/models/user.rb:51:in `points'
  [1m[36mJob Sum (0.4ms)[0m  [1m[34mSELECT SUM("jobs"."salary") FROM "jobs" WHERE "jobs"."employer_id" = $1[0m  [["employer_id", 7]]
  ↳ app/models/user.rb:56:in `deposit'
  [1m[36mTransaction Sum (1.0ms)[0m  [1m[34mSELECT SUM("transactions"."amount") FROM "transactions" WHERE "transactions"."receiver_id" = $1 AND "transactions"."is_verified" = $2[0m  [["receiver_id", 6], ["is_verified", true]]
  ↳ app/models/user.rb:50:in `points'
  [1m[36mTransaction Sum (0.4ms)[0m  [1m[34mSELECT SUM("transactions"."amount") FROM "transactions" WHERE "transactions"."sender_id" = $1 AND "transactions"."is_verified" = $2[0m  [["sender_id", 6], ["is_verified", true]]
  ↳ app/models/user.rb:51:in `points'
  [1m[36mJob Sum (1.3ms)[0m  [1m[34mSELECT SUM("jobs"."salary") FROM "jobs" WHERE "jobs"."employer_id" = $1[0m  [["employer_id", 6]]
  ↳ app/models/user.rb:56:in `deposit'
Completed 200 OK in 172ms (Views: 1.7ms | ActiveRecord: 21.6ms | Allocations: 15725)


  [1m[35m (24.4ms)[0m  [1m[34mSELECT pg_try_advisory_lock(8539748046878822655)[0m
  [1m[36mActiveRecord::SchemaMigration Pluck (1.0ms)[0m  [1m[34mSELECT "schema_migrations"."version" FROM "schema_migrations" ORDER BY "schema_migrations"."version" ASC[0m
Migrating to CreateRooms (20221102084030)
  [1m[36mTRANSACTION (0.5ms)[0m  [1m[35mBEGIN[0m
  [1m[35m (782.5ms)[0m  [1m[35mCREATE TABLE "rooms" ("id" bigserial primary key, "name" character varying, "is_active" boolean DEFAULT FALSE, "created_at" timestamp(6) NOT NULL, "updated_at" timestamp(6) NOT NULL)[0m
  [1m[36mActiveRecord::SchemaMigration Create (0.4ms)[0m  [1m[32mINSERT INTO "schema_migrations" ("version") VALUES ($1) RETURNING "version"[0m  [["version", "20221102084030"]]
  [1m[36mTRANSACTION (25.2ms)[0m  [1m[35mCOMMIT[0m
  [1m[36mActiveRecord::InternalMetadata Load (37.7ms)[0m  [1m[34mSELECT "ar_internal_metadata".* FROM "ar_internal_metadata" WHERE "ar_internal_metadata"."key" = $1 LIMIT $2[0m  [["key", "environment"], ["LIMIT", 1]]
  [1m[35m (0.5ms)[0m  [1m[34mSELECT pg_advisory_unlock(8539748046878822655)[0m
  [1m[36mActiveRecord::SchemaMigration Pluck (0.6ms)[0m  [1m[34mSELECT "schema_migrations"."version" FROM "schema_migrations" ORDER BY "schema_migrations"."version" ASC[0m
  [1m[36mTRANSACTION (0.1ms)[0m  [1m[35mBEGIN[0m
  [1m[36mRoom Exists? (0.7ms)[0m  [1m[34mSELECT 1 AS one FROM "rooms" WHERE "rooms"."name" = $1 LIMIT $2[0m  [["name", "UWU"], ["LIMIT", 1]]
  [1m[36mRoom Create (0.4ms)[0m  [1m[32mINSERT INTO "rooms" ("name", "is_active", "created_at", "updated_at") VALUES ($1, $2, $3, $4) RETURNING "id"[0m  [["name", "UWU"], ["is_active", false], ["created_at", "2022-11-03 10:37:12.904861"], ["updated_at", "2022-11-03 10:37:12.904861"]]
  [1m[36mTRANSACTION (89.2ms)[0m  [1m[35mCOMMIT[0m
[ActionCable] Broadcasting to rooms: "<turbo-stream action=\"append\" target=\"rooms\"><template> </template></turbo-stream>"
  [1m[36mRoom Load (29.2ms)[0m  [1m[34mSELECT "rooms".* FROM "rooms"[0m
Started GET "/" for 127.0.0.1 at 2023-02-19 21:54:21 +0700
  
ActiveRecord::ConnectionNotEstablished (connection to server at "localhost" (::1), port 5432 failed: fe_sendauth: no password supplied
):
  
activerecord (7.0.4) lib/active_record/connection_adapters/postgresql_adapter.rb:87:in `rescue in new_client'
activerecord (7.0.4) lib/active_record/connection_adapters/postgresql_adapter.rb:77:in `new_client'
activerecord (7.0.4) lib/active_record/connection_adapters/postgresql_adapter.rb:37:in `postgresql_connection'
activerecord (7.0.4) lib/active_record/connection_adapters/abstract/connection_pool.rb:656:in `public_send'
activerecord (7.0.4) lib/active_record/connection_adapters/abstract/connection_pool.rb:656:in `new_connection'
activerecord (7.0.4) lib/active_record/connection_adapters/abstract/connection_pool.rb:700:in `checkout_new_connection'
activerecord (7.0.4) lib/active_record/connection_adapters/abstract/connection_pool.rb:679:in `try_to_checkout_new_connection'
activerecord (7.0.4) lib/active_record/connection_adapters/abstract/connection_pool.rb:640:in `acquire_connection'
activerecord (7.0.4) lib/active_record/connection_adapters/abstract/connection_pool.rb:341:in `checkout'
activerecord (7.0.4) lib/active_record/connection_adapters/abstract/connection_pool.rb:181:in `connection'
activerecord (7.0.4) lib/active_record/connection_adapters/abstract/connection_handler.rb:211:in `retrieve_connection'
activerecord (7.0.4) lib/active_record/connection_handling.rb:313:in `retrieve_connection'
activerecord (7.0.4) lib/active_record/connection_handling.rb:280:in `connection'
activerecord (7.0.4) lib/active_record/migration.rb:613:in `connection'
activerecord (7.0.4) lib/active_record/migration.rb:608:in `build_watcher'
activerecord (7.0.4) lib/active_record/migration.rb:590:in `block in call'
activerecord (7.0.4) lib/active_record/migration.rb:589:in `synchronize'
activerecord (7.0.4) lib/active_record/migration.rb:589:in `call'
actionpack (7.0.4) lib/action_dispatch/middleware/callbacks.rb:27:in `block in call'
activesupport (7.0.4) lib/active_support/callbacks.rb:99:in `run_callbacks'
actionpack (7.0.4) lib/action_dispatch/middleware/callbacks.rb:26:in `call'
actionpack (7.0.4) lib/action_dispatch/middleware/executor.rb:14:in `call'
actionpack (7.0.4) lib/action_dispatch/middleware/actionable_exceptions.rb:17:in `call'
actionpack (7.0.4) lib/action_dispatch/middleware/debug_exceptions.rb:28:in `call'
actionpack (7.0.4) lib/action_dispatch/middleware/show_exceptions.rb:26:in `call'
railties (7.0.4) lib/rails/rack/logger.rb:40:in `call_app'
railties (7.0.4) lib/rails/rack/logger.rb:25:in `block in call'
activesupport (7.0.4) lib/active_support/tagged_logging.rb:99:in `block in tagged'
activesupport (7.0.4) lib/active_support/tagged_logging.rb:37:in `tagged'
activesupport (7.0.4) lib/active_support/tagged_logging.rb:99:in `tagged'
railties (7.0.4) lib/rails/rack/logger.rb:25:in `call'
actionpack (7.0.4) lib/action_dispatch/middleware/remote_ip.rb:93:in `call'
actionpack (7.0.4) lib/action_dispatch/middleware/request_id.rb:26:in `call'
rack (2.2.4) lib/rack/runtime.rb:22:in `call'
activesupport (7.0.4) lib/active_support/cache/strategy/local_cache_middleware.rb:29:in `call'
actionpack (7.0.4) lib/action_dispatch/middleware/server_timing.rb:61:in `block in call'
actionpack (7.0.4) lib/action_dispatch/middleware/server_timing.rb:26:in `collect_events'
actionpack (7.0.4) lib/action_dispatch/middleware/server_timing.rb:60:in `call'
actionpack (7.0.4) lib/action_dispatch/middleware/executor.rb:14:in `call'
actionpack (7.0.4) lib/action_dispatch/middleware/static.rb:23:in `call'
rack (2.2.4) lib/rack/sendfile.rb:110:in `call'
actionpack (7.0.4) lib/action_dispatch/middleware/host_authorization.rb:137:in `call'
rack-cors (1.1.1) lib/rack/cors.rb:100:in `call'
railties (7.0.4) lib/rails/engine.rb:530:in `call'
puma (5.6.5) lib/puma/configuration.rb:252:in `call'
puma (5.6.5) lib/puma/request.rb:77:in `block in handle_request'
puma (5.6.5) lib/puma/thread_pool.rb:340:in `with_force_shutdown'
puma (5.6.5) lib/puma/request.rb:76:in `handle_request'
puma (5.6.5) lib/puma/server.rb:443:in `process_client'
puma (5.6.5) lib/puma/thread_pool.rb:147:in `block in spawn_thread'
Started GET "/favicon.ico" for 127.0.0.1 at 2023-02-19 21:54:23 +0700
  
ActiveRecord::ConnectionNotEstablished (connection to server at "localhost" (::1), port 5432 failed: fe_sendauth: no password supplied
):
  
activerecord (7.0.4) lib/active_record/connection_adapters/postgresql_adapter.rb:87:in `rescue in new_client'
activerecord (7.0.4) lib/active_record/connection_adapters/postgresql_adapter.rb:77:in `new_client'
activerecord (7.0.4) lib/active_record/connection_adapters/postgresql_adapter.rb:37:in `postgresql_connection'
activerecord (7.0.4) lib/active_record/connection_adapters/abstract/connection_pool.rb:656:in `public_send'
activerecord (7.0.4) lib/active_record/connection_adapters/abstract/connection_pool.rb:656:in `new_connection'
activerecord (7.0.4) lib/active_record/connection_adapters/abstract/connection_pool.rb:700:in `checkout_new_connection'
activerecord (7.0.4) lib/active_record/connection_adapters/abstract/connection_pool.rb:679:in `try_to_checkout_new_connection'
activerecord (7.0.4) lib/active_record/connection_adapters/abstract/connection_pool.rb:640:in `acquire_connection'
activerecord (7.0.4) lib/active_record/connection_adapters/abstract/connection_pool.rb:341:in `checkout'
activerecord (7.0.4) lib/active_record/connection_adapters/abstract/connection_pool.rb:181:in `connection'
activerecord (7.0.4) lib/active_record/connection_adapters/abstract/connection_handler.rb:211:in `retrieve_connection'
activerecord (7.0.4) lib/active_record/connection_handling.rb:313:in `retrieve_connection'
activerecord (7.0.4) lib/active_record/connection_handling.rb:280:in `connection'
activerecord (7.0.4) lib/active_record/migration.rb:613:in `connection'
activerecord (7.0.4) lib/active_record/migration.rb:608:in `build_watcher'
activerecord (7.0.4) lib/active_record/migration.rb:590:in `block in call'
activerecord (7.0.4) lib/active_record/migration.rb:589:in `synchronize'
activerecord (7.0.4) lib/active_record/migration.rb:589:in `call'
actionpack (7.0.4) lib/action_dispatch/middleware/callbacks.rb:27:in `block in call'
activesupport (7.0.4) lib/active_support/callbacks.rb:99:in `run_callbacks'
actionpack (7.0.4) lib/action_dispatch/middleware/callbacks.rb:26:in `call'
actionpack (7.0.4) lib/action_dispatch/middleware/executor.rb:14:in `call'
actionpack (7.0.4) lib/action_dispatch/middleware/actionable_exceptions.rb:17:in `call'
actionpack (7.0.4) lib/action_dispatch/middleware/debug_exceptions.rb:28:in `call'
actionpack (7.0.4) lib/action_dispatch/middleware/show_exceptions.rb:26:in `call'
railties (7.0.4) lib/rails/rack/logger.rb:40:in `call_app'
railties (7.0.4) lib/rails/rack/logger.rb:25:in `block in call'
activesupport (7.0.4) lib/active_support/tagged_logging.rb:99:in `block in tagged'
activesupport (7.0.4) lib/active_support/tagged_logging.rb:37:in `tagged'
activesupport (7.0.4) lib/active_support/tagged_logging.rb:99:in `tagged'
railties (7.0.4) lib/rails/rack/logger.rb:25:in `call'
actionpack (7.0.4) lib/action_dispatch/middleware/remote_ip.rb:93:in `call'
actionpack (7.0.4) lib/action_dispatch/middleware/request_id.rb:26:in `call'
rack (2.2.4) lib/rack/runtime.rb:22:in `call'
activesupport (7.0.4) lib/active_support/cache/strategy/local_cache_middleware.rb:29:in `call'
actionpack (7.0.4) lib/action_dispatch/middleware/server_timing.rb:61:in `block in call'
actionpack (7.0.4) lib/action_dispatch/middleware/server_timing.rb:26:in `collect_events'
actionpack (7.0.4) lib/action_dispatch/middleware/server_timing.rb:60:in `call'
actionpack (7.0.4) lib/action_dispatch/middleware/executor.rb:14:in `call'
actionpack (7.0.4) lib/action_dispatch/middleware/static.rb:23:in `call'
rack (2.2.4) lib/rack/sendfile.rb:110:in `call'
actionpack (7.0.4) lib/action_dispatch/middleware/host_authorization.rb:137:in `call'
rack-cors (1.1.1) lib/rack/cors.rb:100:in `call'
railties (7.0.4) lib/rails/engine.rb:530:in `call'
puma (5.6.5) lib/puma/configuration.rb:252:in `call'
puma (5.6.5) lib/puma/request.rb:77:in `block in handle_request'
puma (5.6.5) lib/puma/thread_pool.rb:340:in `with_force_shutdown'
puma (5.6.5) lib/puma/request.rb:76:in `handle_request'
puma (5.6.5) lib/puma/server.rb:443:in `process_client'
puma (5.6.5) lib/puma/thread_pool.rb:147:in `block in spawn_thread'
Started GET "/" for 127.0.0.1 at 2023-02-19 23:23:56 +0700
  
ActiveRecord::ConnectionNotEstablished (connection to server at "localhost" (::1), port 5432 failed: fe_sendauth: no password supplied
):
  
activerecord (7.0.4) lib/active_record/connection_adapters/postgresql_adapter.rb:87:in `rescue in new_client'
activerecord (7.0.4) lib/active_record/connection_adapters/postgresql_adapter.rb:77:in `new_client'
activerecord (7.0.4) lib/active_record/connection_adapters/postgresql_adapter.rb:37:in `postgresql_connection'
activerecord (7.0.4) lib/active_record/connection_adapters/abstract/connection_pool.rb:656:in `public_send'
activerecord (7.0.4) lib/active_record/connection_adapters/abstract/connection_pool.rb:656:in `new_connection'
activerecord (7.0.4) lib/active_record/connection_adapters/abstract/connection_pool.rb:700:in `checkout_new_connection'
activerecord (7.0.4) lib/active_record/connection_adapters/abstract/connection_pool.rb:679:in `try_to_checkout_new_connection'
activerecord (7.0.4) lib/active_record/connection_adapters/abstract/connection_pool.rb:640:in `acquire_connection'
activerecord (7.0.4) lib/active_record/connection_adapters/abstract/connection_pool.rb:341:in `checkout'
activerecord (7.0.4) lib/active_record/connection_adapters/abstract/connection_pool.rb:181:in `connection'
activerecord (7.0.4) lib/active_record/connection_adapters/abstract/connection_handler.rb:211:in `retrieve_connection'
activerecord (7.0.4) lib/active_record/connection_handling.rb:313:in `retrieve_connection'
activerecord (7.0.4) lib/active_record/connection_handling.rb:280:in `connection'
activerecord (7.0.4) lib/active_record/migration.rb:613:in `connection'
activerecord (7.0.4) lib/active_record/migration.rb:608:in `build_watcher'
activerecord (7.0.4) lib/active_record/migration.rb:590:in `block in call'
activerecord (7.0.4) lib/active_record/migration.rb:589:in `synchronize'
activerecord (7.0.4) lib/active_record/migration.rb:589:in `call'
actionpack (7.0.4) lib/action_dispatch/middleware/callbacks.rb:27:in `block in call'
activesupport (7.0.4) lib/active_support/callbacks.rb:99:in `run_callbacks'
actionpack (7.0.4) lib/action_dispatch/middleware/callbacks.rb:26:in `call'
actionpack (7.0.4) lib/action_dispatch/middleware/executor.rb:14:in `call'
actionpack (7.0.4) lib/action_dispatch/middleware/actionable_exceptions.rb:17:in `call'
actionpack (7.0.4) lib/action_dispatch/middleware/debug_exceptions.rb:28:in `call'
actionpack (7.0.4) lib/action_dispatch/middleware/show_exceptions.rb:26:in `call'
railties (7.0.4) lib/rails/rack/logger.rb:40:in `call_app'
railties (7.0.4) lib/rails/rack/logger.rb:25:in `block in call'
activesupport (7.0.4) lib/active_support/tagged_logging.rb:99:in `block in tagged'
activesupport (7.0.4) lib/active_support/tagged_logging.rb:37:in `tagged'
activesupport (7.0.4) lib/active_support/tagged_logging.rb:99:in `tagged'
railties (7.0.4) lib/rails/rack/logger.rb:25:in `call'
actionpack (7.0.4) lib/action_dispatch/middleware/remote_ip.rb:93:in `call'
actionpack (7.0.4) lib/action_dispatch/middleware/request_id.rb:26:in `call'
rack (2.2.4) lib/rack/runtime.rb:22:in `call'
activesupport (7.0.4) lib/active_support/cache/strategy/local_cache_middleware.rb:29:in `call'
actionpack (7.0.4) lib/action_dispatch/middleware/server_timing.rb:61:in `block in call'
actionpack (7.0.4) lib/action_dispatch/middleware/server_timing.rb:26:in `collect_events'
actionpack (7.0.4) lib/action_dispatch/middleware/server_timing.rb:60:in `call'
actionpack (7.0.4) lib/action_dispatch/middleware/executor.rb:14:in `call'
actionpack (7.0.4) lib/action_dispatch/middleware/static.rb:23:in `call'
rack (2.2.4) lib/rack/sendfile.rb:110:in `call'
actionpack (7.0.4) lib/action_dispatch/middleware/host_authorization.rb:137:in `call'
rack-cors (1.1.1) lib/rack/cors.rb:100:in `call'
railties (7.0.4) lib/rails/engine.rb:530:in `call'
puma (5.6.5) lib/puma/configuration.rb:252:in `call'
puma (5.6.5) lib/puma/request.rb:77:in `block in handle_request'
puma (5.6.5) lib/puma/thread_pool.rb:340:in `with_force_shutdown'
puma (5.6.5) lib/puma/request.rb:76:in `handle_request'
puma (5.6.5) lib/puma/server.rb:443:in `process_client'
puma (5.6.5) lib/puma/thread_pool.rb:147:in `block in spawn_thread'
Started GET "/favicon.ico" for 127.0.0.1 at 2023-02-19 23:23:57 +0700
  
ActiveRecord::ConnectionNotEstablished (connection to server at "localhost" (::1), port 5432 failed: fe_sendauth: no password supplied
):
  
activerecord (7.0.4) lib/active_record/connection_adapters/postgresql_adapter.rb:87:in `rescue in new_client'
activerecord (7.0.4) lib/active_record/connection_adapters/postgresql_adapter.rb:77:in `new_client'
activerecord (7.0.4) lib/active_record/connection_adapters/postgresql_adapter.rb:37:in `postgresql_connection'
activerecord (7.0.4) lib/active_record/connection_adapters/abstract/connection_pool.rb:656:in `public_send'
activerecord (7.0.4) lib/active_record/connection_adapters/abstract/connection_pool.rb:656:in `new_connection'
activerecord (7.0.4) lib/active_record/connection_adapters/abstract/connection_pool.rb:700:in `checkout_new_connection'
activerecord (7.0.4) lib/active_record/connection_adapters/abstract/connection_pool.rb:679:in `try_to_checkout_new_connection'
activerecord (7.0.4) lib/active_record/connection_adapters/abstract/connection_pool.rb:640:in `acquire_connection'
activerecord (7.0.4) lib/active_record/connection_adapters/abstract/connection_pool.rb:341:in `checkout'
activerecord (7.0.4) lib/active_record/connection_adapters/abstract/connection_pool.rb:181:in `connection'
activerecord (7.0.4) lib/active_record/connection_adapters/abstract/connection_handler.rb:211:in `retrieve_connection'
activerecord (7.0.4) lib/active_record/connection_handling.rb:313:in `retrieve_connection'
activerecord (7.0.4) lib/active_record/connection_handling.rb:280:in `connection'
activerecord (7.0.4) lib/active_record/migration.rb:613:in `connection'
activerecord (7.0.4) lib/active_record/migration.rb:608:in `build_watcher'
activerecord (7.0.4) lib/active_record/migration.rb:590:in `block in call'
activerecord (7.0.4) lib/active_record/migration.rb:589:in `synchronize'
activerecord (7.0.4) lib/active_record/migration.rb:589:in `call'
actionpack (7.0.4) lib/action_dispatch/middleware/callbacks.rb:27:in `block in call'
activesupport (7.0.4) lib/active_support/callbacks.rb:99:in `run_callbacks'
actionpack (7.0.4) lib/action_dispatch/middleware/callbacks.rb:26:in `call'
actionpack (7.0.4) lib/action_dispatch/middleware/executor.rb:14:in `call'
actionpack (7.0.4) lib/action_dispatch/middleware/actionable_exceptions.rb:17:in `call'
actionpack (7.0.4) lib/action_dispatch/middleware/debug_exceptions.rb:28:in `call'
actionpack (7.0.4) lib/action_dispatch/middleware/show_exceptions.rb:26:in `call'
railties (7.0.4) lib/rails/rack/logger.rb:40:in `call_app'
railties (7.0.4) lib/rails/rack/logger.rb:25:in `block in call'
activesupport (7.0.4) lib/active_support/tagged_logging.rb:99:in `block in tagged'
activesupport (7.0.4) lib/active_support/tagged_logging.rb:37:in `tagged'
activesupport (7.0.4) lib/active_support/tagged_logging.rb:99:in `tagged'
railties (7.0.4) lib/rails/rack/logger.rb:25:in `call'
actionpack (7.0.4) lib/action_dispatch/middleware/remote_ip.rb:93:in `call'
actionpack (7.0.4) lib/action_dispatch/middleware/request_id.rb:26:in `call'
rack (2.2.4) lib/rack/runtime.rb:22:in `call'
activesupport (7.0.4) lib/active_support/cache/strategy/local_cache_middleware.rb:29:in `call'
actionpack (7.0.4) lib/action_dispatch/middleware/server_timing.rb:61:in `block in call'
actionpack (7.0.4) lib/action_dispatch/middleware/server_timing.rb:26:in `collect_events'
actionpack (7.0.4) lib/action_dispatch/middleware/server_timing.rb:60:in `call'
actionpack (7.0.4) lib/action_dispatch/middleware/executor.rb:14:in `call'
actionpack (7.0.4) lib/action_dispatch/middleware/static.rb:23:in `call'
rack (2.2.4) lib/rack/sendfile.rb:110:in `call'
actionpack (7.0.4) lib/action_dispatch/middleware/host_authorization.rb:137:in `call'
rack-cors (1.1.1) lib/rack/cors.rb:100:in `call'
railties (7.0.4) lib/rails/engine.rb:530:in `call'
puma (5.6.5) lib/puma/configuration.rb:252:in `call'
puma (5.6.5) lib/puma/request.rb:77:in `block in handle_request'
puma (5.6.5) lib/puma/thread_pool.rb:340:in `with_force_shutdown'
puma (5.6.5) lib/puma/request.rb:76:in `handle_request'
puma (5.6.5) lib/puma/server.rb:443:in `process_client'
puma (5.6.5) lib/puma/thread_pool.rb:147:in `block in spawn_thread'
Started GET "/" for ::1 at 2023-02-19 23:24:39 +0700
  
ActiveRecord::ConnectionNotEstablished (connection to server at "localhost" (::1), port 5432 failed: fe_sendauth: no password supplied
):
  
activerecord (7.0.4) lib/active_record/connection_adapters/postgresql_adapter.rb:87:in `rescue in new_client'
activerecord (7.0.4) lib/active_record/connection_adapters/postgresql_adapter.rb:77:in `new_client'
activerecord (7.0.4) lib/active_record/connection_adapters/postgresql_adapter.rb:37:in `postgresql_connection'
activerecord (7.0.4) lib/active_record/connection_adapters/abstract/connection_pool.rb:656:in `public_send'
activerecord (7.0.4) lib/active_record/connection_adapters/abstract/connection_pool.rb:656:in `new_connection'
activerecord (7.0.4) lib/active_record/connection_adapters/abstract/connection_pool.rb:700:in `checkout_new_connection'
activerecord (7.0.4) lib/active_record/connection_adapters/abstract/connection_pool.rb:679:in `try_to_checkout_new_connection'
activerecord (7.0.4) lib/active_record/connection_adapters/abstract/connection_pool.rb:640:in `acquire_connection'
activerecord (7.0.4) lib/active_record/connection_adapters/abstract/connection_pool.rb:341:in `checkout'
activerecord (7.0.4) lib/active_record/connection_adapters/abstract/connection_pool.rb:181:in `connection'
activerecord (7.0.4) lib/active_record/connection_adapters/abstract/connection_handler.rb:211:in `retrieve_connection'
activerecord (7.0.4) lib/active_record/connection_handling.rb:313:in `retrieve_connection'
activerecord (7.0.4) lib/active_record/connection_handling.rb:280:in `connection'
activerecord (7.0.4) lib/active_record/migration.rb:613:in `connection'
activerecord (7.0.4) lib/active_record/migration.rb:608:in `build_watcher'
activerecord (7.0.4) lib/active_record/migration.rb:590:in `block in call'
activerecord (7.0.4) lib/active_record/migration.rb:589:in `synchronize'
activerecord (7.0.4) lib/active_record/migration.rb:589:in `call'
actionpack (7.0.4) lib/action_dispatch/middleware/callbacks.rb:27:in `block in call'
activesupport (7.0.4) lib/active_support/callbacks.rb:99:in `run_callbacks'
actionpack (7.0.4) lib/action_dispatch/middleware/callbacks.rb:26:in `call'
actionpack (7.0.4) lib/action_dispatch/middleware/executor.rb:14:in `call'
actionpack (7.0.4) lib/action_dispatch/middleware/actionable_exceptions.rb:17:in `call'
actionpack (7.0.4) lib/action_dispatch/middleware/debug_exceptions.rb:28:in `call'
actionpack (7.0.4) lib/action_dispatch/middleware/show_exceptions.rb:26:in `call'
railties (7.0.4) lib/rails/rack/logger.rb:40:in `call_app'
railties (7.0.4) lib/rails/rack/logger.rb:25:in `block in call'
activesupport (7.0.4) lib/active_support/tagged_logging.rb:99:in `block in tagged'
activesupport (7.0.4) lib/active_support/tagged_logging.rb:37:in `tagged'
activesupport (7.0.4) lib/active_support/tagged_logging.rb:99:in `tagged'
railties (7.0.4) lib/rails/rack/logger.rb:25:in `call'
actionpack (7.0.4) lib/action_dispatch/middleware/remote_ip.rb:93:in `call'
actionpack (7.0.4) lib/action_dispatch/middleware/request_id.rb:26:in `call'
rack (2.2.4) lib/rack/runtime.rb:22:in `call'
activesupport (7.0.4) lib/active_support/cache/strategy/local_cache_middleware.rb:29:in `call'
actionpack (7.0.4) lib/action_dispatch/middleware/server_timing.rb:61:in `block in call'
actionpack (7.0.4) lib/action_dispatch/middleware/server_timing.rb:26:in `collect_events'
actionpack (7.0.4) lib/action_dispatch/middleware/server_timing.rb:60:in `call'
actionpack (7.0.4) lib/action_dispatch/middleware/executor.rb:14:in `call'
actionpack (7.0.4) lib/action_dispatch/middleware/static.rb:23:in `call'
rack (2.2.4) lib/rack/sendfile.rb:110:in `call'
actionpack (7.0.4) lib/action_dispatch/middleware/host_authorization.rb:137:in `call'
rack-cors (1.1.1) lib/rack/cors.rb:100:in `call'
railties (7.0.4) lib/rails/engine.rb:530:in `call'
puma (5.6.5) lib/puma/configuration.rb:252:in `call'
puma (5.6.5) lib/puma/request.rb:77:in `block in handle_request'
puma (5.6.5) lib/puma/thread_pool.rb:340:in `with_force_shutdown'
puma (5.6.5) lib/puma/request.rb:76:in `handle_request'
puma (5.6.5) lib/puma/server.rb:443:in `process_client'
puma (5.6.5) lib/puma/thread_pool.rb:147:in `block in spawn_thread'
Started GET "/favicon.ico" for ::1 at 2023-02-19 23:24:39 +0700
  
ActiveRecord::ConnectionNotEstablished (connection to server at "localhost" (::1), port 5432 failed: fe_sendauth: no password supplied
):
  
activerecord (7.0.4) lib/active_record/connection_adapters/postgresql_adapter.rb:87:in `rescue in new_client'
activerecord (7.0.4) lib/active_record/connection_adapters/postgresql_adapter.rb:77:in `new_client'
activerecord (7.0.4) lib/active_record/connection_adapters/postgresql_adapter.rb:37:in `postgresql_connection'
activerecord (7.0.4) lib/active_record/connection_adapters/abstract/connection_pool.rb:656:in `public_send'
activerecord (7.0.4) lib/active_record/connection_adapters/abstract/connection_pool.rb:656:in `new_connection'
activerecord (7.0.4) lib/active_record/connection_adapters/abstract/connection_pool.rb:700:in `checkout_new_connection'
activerecord (7.0.4) lib/active_record/connection_adapters/abstract/connection_pool.rb:679:in `try_to_checkout_new_connection'
activerecord (7.0.4) lib/active_record/connection_adapters/abstract/connection_pool.rb:640:in `acquire_connection'
activerecord (7.0.4) lib/active_record/connection_adapters/abstract/connection_pool.rb:341:in `checkout'
activerecord (7.0.4) lib/active_record/connection_adapters/abstract/connection_pool.rb:181:in `connection'
activerecord (7.0.4) lib/active_record/connection_adapters/abstract/connection_handler.rb:211:in `retrieve_connection'
activerecord (7.0.4) lib/active_record/connection_handling.rb:313:in `retrieve_connection'
activerecord (7.0.4) lib/active_record/connection_handling.rb:280:in `connection'
activerecord (7.0.4) lib/active_record/migration.rb:613:in `connection'
activerecord (7.0.4) lib/active_record/migration.rb:608:in `build_watcher'
activerecord (7.0.4) lib/active_record/migration.rb:590:in `block in call'
activerecord (7.0.4) lib/active_record/migration.rb:589:in `synchronize'
activerecord (7.0.4) lib/active_record/migration.rb:589:in `call'
actionpack (7.0.4) lib/action_dispatch/middleware/callbacks.rb:27:in `block in call'
activesupport (7.0.4) lib/active_support/callbacks.rb:99:in `run_callbacks'
actionpack (7.0.4) lib/action_dispatch/middleware/callbacks.rb:26:in `call'
actionpack (7.0.4) lib/action_dispatch/middleware/executor.rb:14:in `call'
actionpack (7.0.4) lib/action_dispatch/middleware/actionable_exceptions.rb:17:in `call'
actionpack (7.0.4) lib/action_dispatch/middleware/debug_exceptions.rb:28:in `call'
actionpack (7.0.4) lib/action_dispatch/middleware/show_exceptions.rb:26:in `call'
railties (7.0.4) lib/rails/rack/logger.rb:40:in `call_app'
railties (7.0.4) lib/rails/rack/logger.rb:25:in `block in call'
activesupport (7.0.4) lib/active_support/tagged_logging.rb:99:in `block in tagged'
activesupport (7.0.4) lib/active_support/tagged_logging.rb:37:in `tagged'
activesupport (7.0.4) lib/active_support/tagged_logging.rb:99:in `tagged'
railties (7.0.4) lib/rails/rack/logger.rb:25:in `call'
actionpack (7.0.4) lib/action_dispatch/middleware/remote_ip.rb:93:in `call'
actionpack (7.0.4) lib/action_dispatch/middleware/request_id.rb:26:in `call'
rack (2.2.4) lib/rack/runtime.rb:22:in `call'
activesupport (7.0.4) lib/active_support/cache/strategy/local_cache_middleware.rb:29:in `call'
actionpack (7.0.4) lib/action_dispatch/middleware/server_timing.rb:61:in `block in call'
actionpack (7.0.4) lib/action_dispatch/middleware/server_timing.rb:26:in `collect_events'
actionpack (7.0.4) lib/action_dispatch/middleware/server_timing.rb:60:in `call'
actionpack (7.0.4) lib/action_dispatch/middleware/executor.rb:14:in `call'
actionpack (7.0.4) lib/action_dispatch/middleware/static.rb:23:in `call'
rack (2.2.4) lib/rack/sendfile.rb:110:in `call'
actionpack (7.0.4) lib/action_dispatch/middleware/host_authorization.rb:137:in `call'
rack-cors (1.1.1) lib/rack/cors.rb:100:in `call'
railties (7.0.4) lib/rails/engine.rb:530:in `call'
puma (5.6.5) lib/puma/configuration.rb:252:in `call'
puma (5.6.5) lib/puma/request.rb:77:in `block in handle_request'
puma (5.6.5) lib/puma/thread_pool.rb:340:in `with_force_shutdown'
puma (5.6.5) lib/puma/request.rb:76:in `handle_request'
puma (5.6.5) lib/puma/server.rb:443:in `process_client'
puma (5.6.5) lib/puma/thread_pool.rb:147:in `block in spawn_thread'
Started GET "/" for ::1 at 2023-02-19 23:24:44 +0700
  
ActiveRecord::ConnectionNotEstablished (connection to server at "localhost" (::1), port 5432 failed: fe_sendauth: no password supplied
):
  
activerecord (7.0.4) lib/active_record/connection_adapters/postgresql_adapter.rb:87:in `rescue in new_client'
activerecord (7.0.4) lib/active_record/connection_adapters/postgresql_adapter.rb:77:in `new_client'
activerecord (7.0.4) lib/active_record/connection_adapters/postgresql_adapter.rb:37:in `postgresql_connection'
activerecord (7.0.4) lib/active_record/connection_adapters/abstract/connection_pool.rb:656:in `public_send'
activerecord (7.0.4) lib/active_record/connection_adapters/abstract/connection_pool.rb:656:in `new_connection'
activerecord (7.0.4) lib/active_record/connection_adapters/abstract/connection_pool.rb:700:in `checkout_new_connection'
activerecord (7.0.4) lib/active_record/connection_adapters/abstract/connection_pool.rb:679:in `try_to_checkout_new_connection'
activerecord (7.0.4) lib/active_record/connection_adapters/abstract/connection_pool.rb:640:in `acquire_connection'
activerecord (7.0.4) lib/active_record/connection_adapters/abstract/connection_pool.rb:341:in `checkout'
activerecord (7.0.4) lib/active_record/connection_adapters/abstract/connection_pool.rb:181:in `connection'
activerecord (7.0.4) lib/active_record/connection_adapters/abstract/connection_handler.rb:211:in `retrieve_connection'
activerecord (7.0.4) lib/active_record/connection_handling.rb:313:in `retrieve_connection'
activerecord (7.0.4) lib/active_record/connection_handling.rb:280:in `connection'
activerecord (7.0.4) lib/active_record/migration.rb:613:in `connection'
activerecord (7.0.4) lib/active_record/migration.rb:608:in `build_watcher'
activerecord (7.0.4) lib/active_record/migration.rb:590:in `block in call'
activerecord (7.0.4) lib/active_record/migration.rb:589:in `synchronize'
activerecord (7.0.4) lib/active_record/migration.rb:589:in `call'
actionpack (7.0.4) lib/action_dispatch/middleware/callbacks.rb:27:in `block in call'
activesupport (7.0.4) lib/active_support/callbacks.rb:99:in `run_callbacks'
actionpack (7.0.4) lib/action_dispatch/middleware/callbacks.rb:26:in `call'
actionpack (7.0.4) lib/action_dispatch/middleware/executor.rb:14:in `call'
actionpack (7.0.4) lib/action_dispatch/middleware/actionable_exceptions.rb:17:in `call'
actionpack (7.0.4) lib/action_dispatch/middleware/debug_exceptions.rb:28:in `call'
actionpack (7.0.4) lib/action_dispatch/middleware/show_exceptions.rb:26:in `call'
railties (7.0.4) lib/rails/rack/logger.rb:40:in `call_app'
railties (7.0.4) lib/rails/rack/logger.rb:25:in `block in call'
activesupport (7.0.4) lib/active_support/tagged_logging.rb:99:in `block in tagged'
activesupport (7.0.4) lib/active_support/tagged_logging.rb:37:in `tagged'
activesupport (7.0.4) lib/active_support/tagged_logging.rb:99:in `tagged'
railties (7.0.4) lib/rails/rack/logger.rb:25:in `call'
actionpack (7.0.4) lib/action_dispatch/middleware/remote_ip.rb:93:in `call'
actionpack (7.0.4) lib/action_dispatch/middleware/request_id.rb:26:in `call'
rack (2.2.4) lib/rack/runtime.rb:22:in `call'
activesupport (7.0.4) lib/active_support/cache/strategy/local_cache_middleware.rb:29:in `call'
actionpack (7.0.4) lib/action_dispatch/middleware/server_timing.rb:61:in `block in call'
actionpack (7.0.4) lib/action_dispatch/middleware/server_timing.rb:26:in `collect_events'
actionpack (7.0.4) lib/action_dispatch/middleware/server_timing.rb:60:in `call'
actionpack (7.0.4) lib/action_dispatch/middleware/executor.rb:14:in `call'
actionpack (7.0.4) lib/action_dispatch/middleware/static.rb:23:in `call'
rack (2.2.4) lib/rack/sendfile.rb:110:in `call'
actionpack (7.0.4) lib/action_dispatch/middleware/host_authorization.rb:137:in `call'
rack-cors (1.1.1) lib/rack/cors.rb:100:in `call'
railties (7.0.4) lib/rails/engine.rb:530:in `call'
puma (5.6.5) lib/puma/configuration.rb:252:in `call'
puma (5.6.5) lib/puma/request.rb:77:in `block in handle_request'
puma (5.6.5) lib/puma/thread_pool.rb:340:in `with_force_shutdown'
puma (5.6.5) lib/puma/request.rb:76:in `handle_request'
puma (5.6.5) lib/puma/server.rb:443:in `process_client'
puma (5.6.5) lib/puma/thread_pool.rb:147:in `block in spawn_thread'
Started GET "/favicon.ico" for ::1 at 2023-02-19 23:24:45 +0700
  
ActiveRecord::ConnectionNotEstablished (connection to server at "localhost" (::1), port 5432 failed: fe_sendauth: no password supplied
):
  
activerecord (7.0.4) lib/active_record/connection_adapters/postgresql_adapter.rb:87:in `rescue in new_client'
activerecord (7.0.4) lib/active_record/connection_adapters/postgresql_adapter.rb:77:in `new_client'
activerecord (7.0.4) lib/active_record/connection_adapters/postgresql_adapter.rb:37:in `postgresql_connection'
activerecord (7.0.4) lib/active_record/connection_adapters/abstract/connection_pool.rb:656:in `public_send'
activerecord (7.0.4) lib/active_record/connection_adapters/abstract/connection_pool.rb:656:in `new_connection'
activerecord (7.0.4) lib/active_record/connection_adapters/abstract/connection_pool.rb:700:in `checkout_new_connection'
activerecord (7.0.4) lib/active_record/connection_adapters/abstract/connection_pool.rb:679:in `try_to_checkout_new_connection'
activerecord (7.0.4) lib/active_record/connection_adapters/abstract/connection_pool.rb:640:in `acquire_connection'
activerecord (7.0.4) lib/active_record/connection_adapters/abstract/connection_pool.rb:341:in `checkout'
activerecord (7.0.4) lib/active_record/connection_adapters/abstract/connection_pool.rb:181:in `connection'
activerecord (7.0.4) lib/active_record/connection_adapters/abstract/connection_handler.rb:211:in `retrieve_connection'
activerecord (7.0.4) lib/active_record/connection_handling.rb:313:in `retrieve_connection'
activerecord (7.0.4) lib/active_record/connection_handling.rb:280:in `connection'
activerecord (7.0.4) lib/active_record/migration.rb:613:in `connection'
activerecord (7.0.4) lib/active_record/migration.rb:608:in `build_watcher'
activerecord (7.0.4) lib/active_record/migration.rb:590:in `block in call'
activerecord (7.0.4) lib/active_record/migration.rb:589:in `synchronize'
activerecord (7.0.4) lib/active_record/migration.rb:589:in `call'
actionpack (7.0.4) lib/action_dispatch/middleware/callbacks.rb:27:in `block in call'
activesupport (7.0.4) lib/active_support/callbacks.rb:99:in `run_callbacks'
actionpack (7.0.4) lib/action_dispatch/middleware/callbacks.rb:26:in `call'
actionpack (7.0.4) lib/action_dispatch/middleware/executor.rb:14:in `call'
actionpack (7.0.4) lib/action_dispatch/middleware/actionable_exceptions.rb:17:in `call'
actionpack (7.0.4) lib/action_dispatch/middleware/debug_exceptions.rb:28:in `call'
actionpack (7.0.4) lib/action_dispatch/middleware/show_exceptions.rb:26:in `call'
railties (7.0.4) lib/rails/rack/logger.rb:40:in `call_app'
railties (7.0.4) lib/rails/rack/logger.rb:25:in `block in call'
activesupport (7.0.4) lib/active_support/tagged_logging.rb:99:in `block in tagged'
activesupport (7.0.4) lib/active_support/tagged_logging.rb:37:in `tagged'
activesupport (7.0.4) lib/active_support/tagged_logging.rb:99:in `tagged'
railties (7.0.4) lib/rails/rack/logger.rb:25:in `call'
actionpack (7.0.4) lib/action_dispatch/middleware/remote_ip.rb:93:in `call'
actionpack (7.0.4) lib/action_dispatch/middleware/request_id.rb:26:in `call'
rack (2.2.4) lib/rack/runtime.rb:22:in `call'
activesupport (7.0.4) lib/active_support/cache/strategy/local_cache_middleware.rb:29:in `call'
actionpack (7.0.4) lib/action_dispatch/middleware/server_timing.rb:61:in `block in call'
actionpack (7.0.4) lib/action_dispatch/middleware/server_timing.rb:26:in `collect_events'
actionpack (7.0.4) lib/action_dispatch/middleware/server_timing.rb:60:in `call'
actionpack (7.0.4) lib/action_dispatch/middleware/executor.rb:14:in `call'
actionpack (7.0.4) lib/action_dispatch/middleware/static.rb:23:in `call'
rack (2.2.4) lib/rack/sendfile.rb:110:in `call'
actionpack (7.0.4) lib/action_dispatch/middleware/host_authorization.rb:137:in `call'
rack-cors (1.1.1) lib/rack/cors.rb:100:in `call'
railties (7.0.4) lib/rails/engine.rb:530:in `call'
puma (5.6.5) lib/puma/configuration.rb:252:in `call'
puma (5.6.5) lib/puma/request.rb:77:in `block in handle_request'
puma (5.6.5) lib/puma/thread_pool.rb:340:in `with_force_shutdown'
puma (5.6.5) lib/puma/request.rb:76:in `handle_request'
puma (5.6.5) lib/puma/server.rb:443:in `process_client'
puma (5.6.5) lib/puma/thread_pool.rb:147:in `block in spawn_thread'
